<?xml version="1.0" encoding="UTF-8"?>
<testsuite xmlns:xsi="http://www.w3.org/2001/XMLSchema-instance" xsi:noNamespaceSchemaLocation="https://maven.apache.org/surefire/maven-surefire-plugin/xsd/surefire-test-report-3.0.xsd" version="3.0" name="com.lavadero.service.InvoiceServiceImplTest" time="0.148" tests="4" errors="0" skipped="0" failures="0">
  <properties>
[...]
</properties>
  <testcase name="salesReportCalculations" classname="com.lavadero.service.InvoiceServiceImplTest" time="0.128"/>
  <testcase name="createInvoiceDuplicate" classname="com.lavadero.service.InvoiceServiceImplTest" time="0.003"/>
  <testcase name="createInvoiceInvalidState" classname="com.lavadero.service.InvoiceServiceImplTest" time="0.003"/>
  <testcase name="createInvoiceSuccess" classname="com.lavadero.service.InvoiceServiceImplTest" time="0.009"/>
</testsuite>